2018-08-22 19:39:25 [scrapy.utils.log] INFO: Scrapy 1.5.1 started (bot: weixin)
2018-08-22 19:39:25 [scrapy.utils.log] INFO: Versions: lxml 4.2.4.0, libxml2 2.9.5, cssselect 1.0.3, parsel 1.5.0, w3lib 1.19.0, Twisted 18.7.0, Python 3.6.6 (v3.6.6:4cf1f54eb7, Jun 27 2018, 03:37:03) [MSC v.1900 64 bit (AMD64)], pyOpenSSL 18.0.0 (OpenSSL 1.1.0h  27 Mar 2018), cryptography 2.2.2, Platform Windows-7-6.1.7601-SP1
2018-08-22 19:39:25 [scrapy.crawler] INFO: Overridden settings: {'BOT_NAME': 'weixin', 'CONCURRENT_REQUESTS': 32, 'CONCURRENT_REQUESTS_PER_DOMAIN': 16, 'DOWNLOAD_DELAY': 3, 'LOG_FILE': 'weixin.log', 'LOG_LEVEL': 'INFO', 'NEWSPIDER_MODULE': 'weixin.spiders', 'REACTOR_THREADPOOL_MAXSIZE': 20, 'SPIDER_MODULES': ['weixin.spiders']}
2018-08-22 19:39:25 [scrapy.middleware] INFO: Enabled extensions:
['scrapy.extensions.corestats.CoreStats',
 'scrapy.extensions.telnet.TelnetConsole',
 'scrapy.extensions.logstats.LogStats']
2018-08-22 19:39:26 [scrapy.middleware] INFO: Enabled downloader middlewares:
['scrapy.downloadermiddlewares.httpauth.HttpAuthMiddleware',
 'scrapy.downloadermiddlewares.downloadtimeout.DownloadTimeoutMiddleware',
 'scrapy.downloadermiddlewares.defaultheaders.DefaultHeadersMiddleware',
 'scrapy.downloadermiddlewares.useragent.UserAgentMiddleware',
 'weixin.middlewares.ExtendsUA',
 'weixin.middlewares.RandomUAMiddleware',
 'weixin.middlewares.ExtendsProxy',
 'scrapy.downloadermiddlewares.retry.RetryMiddleware',
 'scrapy.downloadermiddlewares.redirect.MetaRefreshMiddleware',
 'scrapy.downloadermiddlewares.httpcompression.HttpCompressionMiddleware',
 'scrapy.downloadermiddlewares.redirect.RedirectMiddleware',
 'scrapy.downloadermiddlewares.cookies.CookiesMiddleware',
 'scrapy.downloadermiddlewares.httpproxy.HttpProxyMiddleware',
 'scrapy.downloadermiddlewares.stats.DownloaderStats']
2018-08-22 19:39:26 [scrapy.middleware] INFO: Enabled spider middlewares:
['scrapy.spidermiddlewares.httperror.HttpErrorMiddleware',
 'scrapy.spidermiddlewares.offsite.OffsiteMiddleware',
 'scrapy.spidermiddlewares.referer.RefererMiddleware',
 'scrapy.spidermiddlewares.urllength.UrlLengthMiddleware',
 'scrapy.spidermiddlewares.depth.DepthMiddleware']
2018-08-22 19:39:26 [scrapy.middleware] INFO: Enabled item pipelines:
[]
2018-08-22 19:39:26 [scrapy.core.engine] INFO: Spider opened
2018-08-22 19:39:26 [scrapy.extensions.logstats] INFO: Crawled 0 pages (at 0 pages/min), scraped 0 items (at 0 items/min)
2018-08-22 19:39:26 [scrapy.core.scraper] ERROR: Error downloading <GET http://weixin.sogou.com/pcindex/pc/pc_0/1.html>
Traceback (most recent call last):
  File "C:\Users\Administrator\AppData\Local\Programs\Python\Python36\lib\site-packages\twisted\internet\defer.py", line 1418, in _inlineCallbacks
    result = g.send(result)
  File "C:\Users\Administrator\AppData\Local\Programs\Python\Python36\lib\site-packages\scrapy\core\downloader\middleware.py", line 37, in process_request
    response = yield method(request=request, spider=spider)
  File "D:\SpiderCode\weixin\weixin\middlewares.py", line 44, in process_request
    request.meta['proxy'] = 'http://' + proxy
TypeError: must be str, not dict
2018-08-22 19:39:26 [scrapy.core.engine] INFO: Closing spider (finished)
2018-08-22 19:39:26 [scrapy.statscollectors] INFO: Dumping Scrapy stats:
{'downloader/exception_count': 1,
 'downloader/exception_type_count/builtins.TypeError': 1,
 'finish_reason': 'finished',
 'finish_time': datetime.datetime(2018, 8, 22, 11, 39, 26, 462471),
 'log_count/ERROR': 1,
 'log_count/INFO': 7,
 'scheduler/dequeued': 1,
 'scheduler/dequeued/memory': 1,
 'scheduler/enqueued': 1,
 'scheduler/enqueued/memory': 1,
 'start_time': datetime.datetime(2018, 8, 22, 11, 39, 26, 211871)}
2018-08-22 19:39:26 [scrapy.core.engine] INFO: Spider closed (finished)
